<?xml version="1.0" encoding="UTF-8"?>
<!-- Generated by org.testng.reporters.JUnitXMLReporter -->
<testsuite ignored="0" hostname="LAPTOP-74RFISKR" failures="0" tests="2" name="Error Validation Test" time="7.704" errors="0" timestamp="2024-02-12T17:21:09 IST">
  <testcase classname="DipaliBhavsarSelenium.tests.ErrorValidation" name="LogineErrorValidation" time="0.65"/>
  <testcase classname="DipaliBhavsarSelenium.tests.ErrorValidation" name="ProductErrorValidation" time="2.012"/>
</testsuite> <!-- Error Validation Test -->
