<?xml version="1.0" encoding="UTF-8"?>
<!-- Generated by org.testng.reporters.JUnitXMLReporter -->
<testsuite ignored="0" hostname="LAPTOP-74RFISKR" failures="0" tests="2" name="Submit Order Test" time="0.055" errors="0" timestamp="2024-02-12T17:21:01 IST">
  <testcase classname="DipaliBhavsarSelenium.tests.StandAloneTest" name="SubmitOrder" time="0.0">
    <skipped/>
  </testcase> <!-- SubmitOrder -->
  <testcase classname="DipaliBhavsarSelenium.tests.StandAloneTest" name="OrderHistoryTest" time="0.0">
    <skipped/>
  </testcase> <!-- OrderHistoryTest -->
</testsuite> <!-- Submit Order Test -->
