<?xml version="1.0" encoding="UTF-8"?>
<!-- Generated by org.testng.reporters.JUnitXMLReporter -->
<testsuite ignored="0" hostname="LAPTOP-74RFISKR" failures="0" tests="2" name="Error Validation Test" time="6.896" errors="0" timestamp="2024-02-12T13:17:44 IST">
  <testcase classname="DipaliBhavsarSelenium.tests.ErrorValidation" name="LogineErrorValidation" time="0.501"/>
  <testcase classname="DipaliBhavsarSelenium.tests.ErrorValidation" name="ProductErrorValidation" time="1.994"/>
</testsuite> <!-- Error Validation Test -->
